<?xml version="1.0" encoding="UTF-8"?>
<testsuite name="com.juztoss.MatrixUtilTest" tests="3" skipped="0" failures="0" errors="0" timestamp="2016-05-16T21:06:03" hostname="juztoss-pc" time="0.0">
  <properties/>
  <testcase name="rotateLeft" classname="com.juztoss.MatrixUtilTest" time="0.0"/>
  <testcase name="transpose" classname="com.juztoss.MatrixUtilTest" time="0.0"/>
  <testcase name="rotateRight" classname="com.juztoss.MatrixUtilTest" time="0.0"/>
  <system-out><![CDATA[]]></system-out>
  <system-err><![CDATA[]]></system-err>
</testsuite>
